logging {
    channel default_file {
        file "/var/log/named/default.log" versions 3 size 20m;
        print-time yes;
        print-category yes;
        print-severity yes;
        severity info;
    };

    channel general_file {
        file "/var/log/named/general.log" versions 600 size 20m;
        severity info;
        print-time yes;
        print-category yes;
        print-severity yes;
    };

    channel queries_file {
        file "/var/log/named/queries.log" versions 5 size 20m;
        severity dynamic;
        print-time yes;
        print-category yes;
        print-severity yes;
    };

    category default { default_file; };
    category general { general_file; };
    category queries { queries_file; };
};